2015-11-22T16:57:38 Checking update-file '/usr/share/kde4/apps/kconf_update/ksslcertificatemanager.upd' for new updates
2015-11-22T16:57:38 ksslcertificatemanager.upd: Found new update 'kde4.2'
2015-11-22T16:57:38 ksslcertificatemanager.upd: Running script 'ksslcertificatemanager.upd.sh'
2015-11-22T16:57:38 [Script] rm: cannot remove ‘/home/helvethor/.kde//share/config/ksslcertificatemanager’: No such file or directory
2015-11-22T16:57:38 ksslcertificatemanager.upd: !! An error occurred while running 'sh /usr/share/kde4/apps/kconf_update/ksslcertificatemanager.upd.sh'
2015-11-22T16:57:38 Checking update-file '/usr/share/kde4/apps/kconf_update/kcookiescfg.upd' for new updates
2015-11-22T16:57:38 kcookiescfg.upd: Found new update 'kde2.2/b1'
2015-11-22T16:57:38 kcookiescfg.upd: File 'kcookiejarrc' does not exist or empty, skipping
2015-11-22T16:57:38 kcookiescfg.upd: Found new update 'kde3.1/cvs'
2015-11-22T16:57:38 kcookiescfg.upd: File 'kcookiejarrc' does not exist or empty, skipping
2015-11-22T16:57:38 kcookiescfg.upd: Found new update 'kde4.10/git'
2015-11-22T16:57:38 kcookiescfg.upd: File 'kcookiejarrc' does not exist or empty, skipping
2015-11-22T16:57:38 Checking update-file '/usr/share/kde4/apps/kconf_update/kioslave.upd' for new updates
2015-11-22T16:57:38 kioslave.upd: Found new update 'kde2.2/r1'
2015-11-22T16:57:38 kioslave.upd: File 'kioslaverc' does not exist or empty, skipping
2015-11-22T16:57:38 kioslave.upd: Skipping update 'kde2.2/r1'
2015-11-22T16:57:38 kioslave.upd: File 'kioslaverc' does not exist or empty, skipping
2015-11-22T16:57:38 kioslave.upd: Found new update 'kde2.2/r2'
2015-11-22T16:57:38 kioslave.upd: File 'kioslaverc' does not exist or empty, skipping
2015-11-22T16:57:38 kioslave.upd: Found new update 'kde2.2/r3'
2015-11-22T16:57:38 kioslave.upd: File 'kioslaverc' does not exist or empty, skipping
2015-11-22T16:57:38 Checking update-file '/usr/share/kde4/apps/kconf_update/konsole.upd' for new updates
2015-11-22T16:57:38 konsole.upd: Found new update '2.9.0-global-options'
2015-11-22T16:57:38 konsole.upd: File 'konsolerc' does not exist or empty, skipping
2015-11-22T16:57:38 konsole.upd: Found new update '2.9.0-colorscheme-bold-key'
2015-11-22T16:57:38 konsole.upd: Running script 'konsole-2.9.0-colorscheme-bold-key.sh'
2015-11-22T16:57:38 konsole.upd: Found new update '2.10.0-remove-menuindex-from-profiles'
2015-11-22T16:57:38 konsole.upd: Running script 'konsole-2.10.0-remove-menuindex-from-profiles.sh'
2015-11-22T16:57:38 Checking update-file '/usr/share/kde4/apps/kconf_update/yakuake.upd' for new updates
2015-11-22T16:57:38 yakuake.upd: Found new update '2.9.9-startupnotification'
2015-11-22T16:57:38 yakuake.upd: File 'yakuakerc' does not exist or empty, skipping
2015-11-22T16:57:38 Checking update-file '/usr/share/kde4/apps/kconf_update/kio_help.upd' for new updates
2015-11-22T16:57:38 kio_help.upd: Found new update 'kde3_2'
2015-11-22T16:57:38 kio_help.upd: Running script 'move_kio_help_cache.sh'
2015-11-22T16:57:38 [Script] mv: cannot stat ‘/home/helvethor/.kde/share/apps/kio_help/cache’: No such file or directory
2015-11-22T16:57:38 [Script] rmdir: failed to remove ‘/home/helvethor/.kde/share/apps/kio_help’: No such file or directory
2015-11-22T16:57:38 Checking update-file '/usr/share/kde4/apps/kconf_update/kate-2.4.upd' for new updates
2015-11-22T16:57:38 kate-2.4.upd: Found new update 'kate2.4'
2015-11-22T16:57:38 Checking update-file '/usr/share/kde4/apps/kconf_update/konsole_remove_background_mode.upd' for new updates
2015-11-22T16:57:38 konsole_remove_background_mode.upd: Found new update '2.11.0-remove-background-mode'
2015-11-22T16:57:38 konsole_remove_background_mode.upd: File 'kglobalshortcutsrc' does not exist or empty, skipping
2015-11-22T16:57:38 Checking update-file '/usr/share/kde4/apps/kconf_update/kded.upd' for new updates
2015-11-22T16:57:38 kded.upd: Found new update 'kde3.0'
2015-11-22T16:57:38 kded.upd: File 'kdedrc' does not exist or empty, skipping
2015-11-22T16:57:38 Checking update-file '/usr/share/kde4/apps/kconf_update/devicepreference.upd' for new updates
2015-11-22T16:57:38 devicepreference.upd: Found new update 'DevicesMovedToPlatformPlugin'
2015-11-22T16:57:38 devicepreference.upd: Running script 'phonon_devicepreference_update'
2015-11-22T16:57:38 devicepreference.upd: Found new update 'DevicesUIDsChanged'
2015-11-22T16:57:38 devicepreference.upd: Running script 'phonon_deviceuids_update'
2015-11-22T16:57:38 Checking update-file '/usr/share/kde4/apps/kconf_update/kuriikwsfilter.upd' for new updates
2015-11-22T16:57:38 kuriikwsfilter.upd: Found new update 'post-kde3.1/cvs'
2015-11-22T16:57:38 kuriikwsfilter.upd: File 'kuriikwsfilterrc' does not exist or empty, skipping
2015-11-22T16:57:38 kuriikwsfilter.upd: Found new update 'pre-kde4.9'
2015-11-22T16:57:38 kuriikwsfilter.upd: File 'kuriikwsfilterrc' does not exist or empty, skipping
2015-11-22T16:57:38 Checking update-file '/usr/share/kde4/apps/kconf_update/drkonqi-rename-config-section.upd' for new updates
2015-11-22T16:57:38 drkonqi-rename-config-section.upd: Found new update 'kde-4.11'
2015-11-22T16:57:38 drkonqi-rename-config-section.upd: File 'drkonqirc' does not exist or empty, skipping
2015-11-22T16:57:38 Checking update-file '/usr/share/kde4/apps/kconf_update/kwallet-4.13.upd' for new updates
2015-11-22T16:57:38 kwallet-4.13.upd: Found new update 'kde4.13'
2015-11-22T16:57:38 kwallet-4.13.upd: File 'kwalletrc' does not exist or empty, skipping
2015-11-22T22:53:22 Checking update-file '/usr/share/kde4/apps/kconf_update/ksslcertificatemanager.upd' for new updates
2015-11-22T22:53:22 Checking update-file '/usr/share/kde4/apps/kconf_update/kcookiescfg.upd' for new updates
2015-11-22T22:53:22 Checking update-file '/usr/share/kde4/apps/kconf_update/kioslave.upd' for new updates
2015-11-22T22:53:22 kioslave.upd: Found new update 'kde2.2/r1'
2015-11-22T22:53:22 kioslave.upd: Skipping update 'kde2.2/r1'
2015-11-22T22:53:22 kioslave.upd: File 'kioslaverc' does not exist or empty, skipping
2015-11-22T22:53:22 Checking update-file '/usr/share/kde4/apps/kconf_update/konsole.upd' for new updates
2015-11-22T22:53:22 Checking update-file '/usr/share/kde4/apps/kconf_update/yakuake.upd' for new updates
2015-11-22T22:53:22 Checking update-file '/usr/share/kde4/apps/kconf_update/kio_help.upd' for new updates
2015-11-22T22:53:22 Checking update-file '/usr/share/kde4/apps/kconf_update/kate-2.4.upd' for new updates
2015-11-22T22:53:22 Checking update-file '/usr/share/kde4/apps/kconf_update/konsole_remove_background_mode.upd' for new updates
2015-11-22T22:53:22 Checking update-file '/usr/share/kde4/apps/kconf_update/kded.upd' for new updates
2015-11-22T22:53:22 Checking update-file '/usr/share/kde4/apps/kconf_update/devicepreference.upd' for new updates
2015-11-22T22:53:22 Checking update-file '/usr/share/kde4/apps/kconf_update/kuriikwsfilter.upd' for new updates
2015-11-22T22:53:22 Checking update-file '/usr/share/kde4/apps/kconf_update/drkonqi-rename-config-section.upd' for new updates
2015-11-22T22:53:22 Checking update-file '/usr/share/kde4/apps/kconf_update/kwallet-4.13.upd' for new updates
2016-01-13T17:59:10 Checking update-file '/usr/share/kde4/apps/kconf_update/ksslcertificatemanager.upd' for new updates
2016-01-13T17:59:10 Checking update-file '/usr/share/kde4/apps/kconf_update/kcookiescfg.upd' for new updates
2016-01-13T17:59:10 Checking update-file '/usr/share/kde4/apps/kconf_update/kioslave.upd' for new updates
2016-01-13T17:59:10 kioslave.upd: Found new update 'kde2.2/r1'
2016-01-13T17:59:10 kioslave.upd: Skipping update 'kde2.2/r1'
2016-01-13T17:59:10 kioslave.upd: File 'kioslaverc' does not exist or empty, skipping
2016-01-13T17:59:10 Checking update-file '/usr/share/kde4/apps/kconf_update/konsole.upd' for new updates
2016-01-13T17:59:10 Checking update-file '/usr/share/kde4/apps/kconf_update/yakuake.upd' for new updates
2016-01-13T17:59:10 Checking update-file '/usr/share/kde4/apps/kconf_update/kio_help.upd' for new updates
2016-01-13T17:59:10 Checking update-file '/usr/share/kde4/apps/kconf_update/kate-2.4.upd' for new updates
2016-01-13T17:59:10 Checking update-file '/usr/share/kde4/apps/kconf_update/konsole_remove_background_mode.upd' for new updates
2016-01-13T17:59:10 Checking update-file '/usr/share/kde4/apps/kconf_update/kded.upd' for new updates
2016-01-13T17:59:10 Checking update-file '/usr/share/kde4/apps/kconf_update/devicepreference.upd' for new updates
2016-01-13T17:59:10 Checking update-file '/usr/share/kde4/apps/kconf_update/kuriikwsfilter.upd' for new updates
2016-01-13T17:59:10 Checking update-file '/usr/share/kde4/apps/kconf_update/drkonqi-rename-config-section.upd' for new updates
2016-01-13T17:59:10 Checking update-file '/usr/share/kde4/apps/kconf_update/kwallet-4.13.upd' for new updates
2016-01-15T20:55:04 Checking update-file '/usr/share/kde4/apps/kconf_update/ksslcertificatemanager.upd' for new updates
2016-01-15T20:55:04 Checking update-file '/usr/share/kde4/apps/kconf_update/kcookiescfg.upd' for new updates
2016-01-15T20:55:04 Checking update-file '/usr/share/kde4/apps/kconf_update/kioslave.upd' for new updates
2016-01-15T20:55:04 kioslave.upd: Found new update 'kde2.2/r1'
2016-01-15T20:55:04 kioslave.upd: Skipping update 'kde2.2/r1'
2016-01-15T20:55:04 kioslave.upd: File 'kioslaverc' does not exist or empty, skipping
2016-01-15T20:55:04 Checking update-file '/usr/share/kde4/apps/kconf_update/konsole.upd' for new updates
2016-01-15T20:55:04 Checking update-file '/usr/share/kde4/apps/kconf_update/yakuake.upd' for new updates
2016-01-15T20:55:04 Checking update-file '/usr/share/kde4/apps/kconf_update/kio_help.upd' for new updates
2016-01-15T20:55:04 Checking update-file '/usr/share/kde4/apps/kconf_update/kate-2.4.upd' for new updates
2016-01-15T20:55:04 Checking update-file '/usr/share/kde4/apps/kconf_update/konsole_remove_background_mode.upd' for new updates
2016-01-15T20:55:04 Checking update-file '/usr/share/kde4/apps/kconf_update/kded.upd' for new updates
2016-01-15T20:55:04 Checking update-file '/usr/share/kde4/apps/kconf_update/devicepreference.upd' for new updates
2016-01-15T20:55:04 Checking update-file '/usr/share/kde4/apps/kconf_update/kuriikwsfilter.upd' for new updates
2016-01-15T20:55:04 Checking update-file '/usr/share/kde4/apps/kconf_update/drkonqi-rename-config-section.upd' for new updates
2016-01-15T20:55:04 Checking update-file '/usr/share/kde4/apps/kconf_update/kwallet-4.13.upd' for new updates
